0 info it worked if it ends with ok
1 verbose cli [ 'C:\\Program Files\\nodejs\\node.exe',
1 verbose cli   'C:\\Program Files\\nodejs\\node_modules\\npm\\bin\\npm-cli.js',
1 verbose cli   'run',
1 verbose cli   'start-bunlde-loader' ]
2 info using npm@3.10.9
3 info using node@v6.9.2
4 verbose run-script [ 'prestart-bunlde-loader',
4 verbose run-script   'start-bunlde-loader',
4 verbose run-script   'poststart-bunlde-loader' ]
5 info lifecycle first-app@1.0.0~prestart-bunlde-loader: first-app@1.0.0
6 silly lifecycle first-app@1.0.0~prestart-bunlde-loader: no script for prestart-bunlde-loader, continuing
7 info lifecycle first-app@1.0.0~start-bunlde-loader: first-app@1.0.0
8 verbose lifecycle first-app@1.0.0~start-bunlde-loader: unsafe-perm in lifecycle true
9 verbose lifecycle first-app@1.0.0~start-bunlde-loader: PATH: C:\Program Files\nodejs\node_modules\npm\bin\node-gyp-bin;D:\react-mobx\node_modules\.bin;C:\Windows\system32;C:\Windows;C:\Windows\System32\Wbem;C:\Windows\System32\WindowsPowerShell\v1.0\;C:\Program Files\TortoiseSVN\bin;C:\Program Files\nodejs\;C:\Program Files\Git\cmd
10 verbose lifecycle first-app@1.0.0~start-bunlde-loader: CWD: D:\react-mobx
11 silly lifecycle first-app@1.0.0~start-bunlde-loader: Args: [ '/d /s /c',
11 silly lifecycle   'webpack-dev-server --progress --inline --config config/webpack.dev-bundle-loader.js' ]
12 verbose stack Error: kill ENOSYS
12 verbose stack     at exports._errnoException (util.js:1022:11)
12 verbose stack     at process.kill (internal/process.js:172:13)
12 verbose stack     at process.listener (C:\Program Files\nodejs\node_modules\npm\node_modules\npmlog\node_modules\gauge\node_modules\signal-exit\index.js:86:15)
12 verbose stack     at emitNone (events.js:91:20)
12 verbose stack     at process.emit (events.js:185:7)
12 verbose stack     at processEmit (C:\Program Files\nodejs\node_modules\npm\node_modules\npmlog\node_modules\gauge\node_modules\signal-exit\index.js:146:32)
12 verbose stack     at processEmit (C:\Program Files\nodejs\node_modules\npm\node_modules\npm-registry-client\node_modules\npmlog\node_modules\gauge\node_modules\signal-exit\index.js:146:32)
12 verbose stack     at Signal.wrap.onsignal (internal/process.js:199:44)
13 verbose cwd D:\react-mobx
14 error Windows_NT 6.1.7601
15 error argv "C:\\Program Files\\nodejs\\node.exe" "C:\\Program Files\\nodejs\\node_modules\\npm\\bin\\npm-cli.js" "run" "start-bunlde-loader"
16 error node v6.9.2
17 error npm  v3.10.9
18 error code ENOSYS
19 error errno ENOSYS
20 error syscall kill
21 error kill ENOSYS
22 error If you need help, you may report this error at:
22 error     <https://github.com/npm/npm/issues>
23 verbose exit [ 1, true ]
